<?xml version="1.0" encoding="UTF-8"?>
<!-- Generated by org.testng.reporters.JUnitXMLReporter -->
<testsuite hostname="SL-1155.local" failures="0" tests="6" name="Command line test" time="23.477" errors="0" timestamp="21 Aug 2019 20:41:09 GMT">
  <testcase classname="com.DemoTest.Tests.WebDemoTest" name="Login" time="17.986"/>
  <testcase classname="com.DemoTest.Tests.WebDemoTest" name="Login" time="19.751"/>
  <testcase classname="com.DemoTest.Tests.WebDemoTest" name="Login" time="19.823"/>
  <testcase classname="com.DemoTest.Tests.WebDemoTest" name="Login" time="21.818"/>
  <testcase classname="com.DemoTest.Tests.WebDemoTest" name="Login" time="22.06"/>
  <testcase classname="com.DemoTest.Tests.WebDemoTest" name="Login" time="23.234"/>
</testsuite> <!-- Command line test -->
